[2016-09-04 20:12:53] local.ERROR: exception 'PDOException' with message 'SQLSTATE[HY000] [2002] No se puede establecer una conexión ya que el equipo de destino denegó expresamente dicha conexión.
' in C:\xampp\htdocs\Sophia_Desarrollo\trunk\vendor\laravel\framework\src\Illuminate\Database\Connectors\Connector.php:55
Stack trace:
#0 C:\xampp\htdocs\Sophia_Desarrollo\trunk\vendor\laravel\framework\src\Illuminate\Database\Connectors\Connector.php(55): PDO->__construct('mysql:host=loca...', 'root', '', Array)
#1 C:\xampp\htdocs\Sophia_Desarrollo\trunk\vendor\laravel\framework\src\Illuminate\Database\Connectors\MySqlConnector.php(22): Illuminate\Database\Connectors\Connector->createConnection('mysql:host=loca...', Array, Array)
#2 C:\xampp\htdocs\Sophia_Desarrollo\trunk\vendor\laravel\framework\src\Illuminate\Database\Connectors\ConnectionFactory.php(60): Illuminate\Database\Connectors\MySqlConnector->connect(Array)
#3 C:\xampp\htdocs\Sophia_Desarrollo\trunk\vendor\laravel\framework\src\Illuminate\Database\Connectors\ConnectionFactory.php(49): Illuminate\Database\Connectors\ConnectionFactory->createSingleConnection(Array)
#4 C:\xampp\htdocs\Sophia_Desarrollo\trunk\vendor\laravel\framework\src\Illuminate\Database\DatabaseManager.php(175): Illuminate\Database\Connectors\ConnectionFactory->make(Array, 'mysql')
#5 C:\xampp\htdocs\Sophia_Desarrollo\trunk\vendor\laravel\framework\src\Illuminate\Database\DatabaseManager.php(67): Illuminate\Database\DatabaseManager->makeConnection('mysql')
#6 C:\xampp\htdocs\Sophia_Desarrollo\trunk\vendor\laravel\framework\src\Illuminate\Validation\DatabasePresenceVerifier.php(107): Illuminate\Database\DatabaseManager->connection(NULL)
#7 C:\xampp\htdocs\Sophia_Desarrollo\trunk\vendor\laravel\framework\src\Illuminate\Validation\DatabasePresenceVerifier.php(47): Illuminate\Validation\DatabasePresenceVerifier->table('usuarios')
#8 C:\xampp\htdocs\Sophia_Desarrollo\trunk\vendor\laravel\framework\src\Illuminate\Validation\Validator.php(1070): Illuminate\Validation\DatabasePresenceVerifier->getCount('usuarios', 'email', 'dodo@dodo.cl', NULL, NULL, Array)
#9 C:\xampp\htdocs\Sophia_Desarrollo\trunk\vendor\laravel\framework\src\Illuminate\Validation\Validator.php(363): Illuminate\Validation\Validator->validateUnique('email', 'dodo@dodo.cl', Array, Object(Illuminate\Validation\Validator))
#10 C:\xampp\htdocs\Sophia_Desarrollo\trunk\vendor\laravel\framework\src\Illuminate\Validation\Validator.php(315): Illuminate\Validation\Validator->validate('email', 'unique:usuarios')
#11 C:\xampp\htdocs\Sophia_Desarrollo\trunk\vendor\laravel\framework\src\Illuminate\Validation\ValidatesWhenResolvedTrait.php(24): Illuminate\Validation\Validator->passes()
#12 C:\xampp\htdocs\Sophia_Desarrollo\trunk\vendor\laravel\framework\src\Illuminate\Validation\ValidationServiceProvider.php(32): Illuminate\Foundation\Http\FormRequest->validate()
#13 C:\xampp\htdocs\Sophia_Desarrollo\trunk\vendor\laravel\framework\src\Illuminate\Container\Container.php(1024): Illuminate\Validation\ValidationServiceProvider->Illuminate\Validation\{closure}(Object(Sophia\Http\Requests\UsuarioCreateRequest), Object(Illuminate\Foundation\Application))
#14 C:\xampp\htdocs\Sophia_Desarrollo\trunk\vendor\laravel\framework\src\Illuminate\Container\Container.php(989): Illuminate\Container\Container->fireCallbackArray(Object(Sophia\Http\Requests\UsuarioCreateRequest), Array)
#15 C:\xampp\htdocs\Sophia_Desarrollo\trunk\vendor\laravel\framework\src\Illuminate\Container\Container.php(650): Illuminate\Container\Container->fireResolvingCallbacks('Sophia\\Http\\Req...', Object(Sophia\Http\Requests\UsuarioCreateRequest))
#16 C:\xampp\htdocs\Sophia_Desarrollo\trunk\vendor\laravel\framework\src\Illuminate\Foundation\Application.php(674): Illuminate\Container\Container->make('Sophia\\Http\\Req...', Array)
#17 C:\xampp\htdocs\Sophia_Desarrollo\trunk\vendor\laravel\framework\src\Illuminate\Routing\RouteDependencyResolverTrait.php(87): Illuminate\Foundation\Application->make('Sophia\\Http\\Req...')
#18 C:\xampp\htdocs\Sophia_Desarrollo\trunk\vendor\laravel\framework\src\Illuminate\Routing\RouteDependencyResolverTrait.php(61): Illuminate\Routing\ControllerDispatcher->transformDependency(Object(ReflectionParameter), Array, Array)
#19 C:\xampp\htdocs\Sophia_Desarrollo\trunk\vendor\laravel\framework\src\Illuminate\Routing\RouteDependencyResolverTrait.php(44): Illuminate\Routing\ControllerDispatcher->resolveMethodDependencies(Array, Object(ReflectionMethod))
#20 C:\xampp\htdocs\Sophia_Desarrollo\trunk\vendor\laravel\framework\src\Illuminate\Routing\ControllerDispatcher.php(162): Illuminate\Routing\ControllerDispatcher->resolveClassMethodDependencies(Array, Object(Sophia\Http\Controllers\UsuarioController), 'store')
#21 C:\xampp\htdocs\Sophia_Desarrollo\trunk\vendor\laravel\framework\src\Illuminate\Routing\ControllerDispatcher.php(112): Illuminate\Routing\ControllerDispatcher->call(Object(Sophia\Http\Controllers\UsuarioController), Object(Illuminate\Routing\Route), 'store')
#22 [internal function]: Illuminate\Routing\ControllerDispatcher->Illuminate\Routing\{closure}(Object(Illuminate\Http\Request))
#23 C:\xampp\htdocs\Sophia_Desarrollo\trunk\vendor\laravel\framework\src\Illuminate\Pipeline\Pipeline.php(139): call_user_func(Object(Closure), Object(Illuminate\Http\Request))
#24 [internal function]: Illuminate\Pipeline\Pipeline->Illuminate\Pipeline\{closure}(Object(Illuminate\Http\Request))
#25 C:\xampp\htdocs\Sophia_Desarrollo\trunk\vendor\laravel\framework\src\Illuminate\Pipeline\Pipeline.php(103): call_user_func(Object(Closure), Object(Illuminate\Http\Request))
#26 C:\xampp\htdocs\Sophia_Desarrollo\trunk\vendor\laravel\framework\src\Illuminate\Routing\ControllerDispatcher.php(114): Illuminate\Pipeline\Pipeline->then(Object(Closure))
#27 C:\xampp\htdocs\Sophia_Desarrollo\trunk\vendor\laravel\framework\src\Illuminate\Routing\ControllerDispatcher.php(69): Illuminate\Routing\ControllerDispatcher->callWithinStack(Object(Sophia\Http\Controllers\UsuarioController), Object(Illuminate\Routing\Route), Object(Illuminate\Http\Request), 'store')
#28 C:\xampp\htdocs\Sophia_Desarrollo\trunk\vendor\laravel\framework\src\Illuminate\Routing\Route.php(203): Illuminate\Routing\ControllerDispatcher->dispatch(Object(Illuminate\Routing\Route), Object(Illuminate\Http\Request), 'Sophia\\Http\\Con...', 'store')
#29 C:\xampp\htdocs\Sophia_Desarrollo\trunk\vendor\laravel\framework\src\Illuminate\Routing\Route.php(134): Illuminate\Routing\Route->runWithCustomDispatcher(Object(Illuminate\Http\Request))
#30 C:\xampp\htdocs\Sophia_Desarrollo\trunk\vendor\laravel\framework\src\Illuminate\Routing\Router.php(708): Illuminate\Routing\Route->run(Object(Illuminate\Http\Request))
#31 [internal function]: Illuminate\Routing\Router->Illuminate\Routing\{closure}(Object(Illuminate\Http\Request))
#32 C:\xampp\htdocs\Sophia_Desarrollo\trunk\vendor\laravel\framework\src\Illuminate\Pipeline\Pipeline.php(139): call_user_func(Object(Closure), Object(Illuminate\Http\Request))
#33 [internal function]: Illuminate\Pipeline\Pipeline->Illuminate\Pipeline\{closure}(Object(Illuminate\Http\Request))
#34 C:\xampp\htdocs\Sophia_Desarrollo\trunk\vendor\laravel\framework\src\Illuminate\Pipeline\Pipeline.php(103): call_user_func(Object(Closure), Object(Illuminate\Http\Request))
#35 C:\xampp\htdocs\Sophia_Desarrollo\trunk\vendor\laravel\framework\src\Illuminate\Routing\Router.php(710): Illuminate\Pipeline\Pipeline->then(Object(Closure))
#36 C:\xampp\htdocs\Sophia_Desarrollo\trunk\vendor\laravel\framework\src\Illuminate\Routing\Router.php(675): Illuminate\Routing\Router->runRouteWithinStack(Object(Illuminate\Routing\Route), Object(Illuminate\Http\Request))
#37 C:\xampp\htdocs\Sophia_Desarrollo\trunk\vendor\laravel\framework\src\Illuminate\Routing\Router.php(635): Illuminate\Routing\Router->dispatchToRoute(Object(Illuminate\Http\Request))
#38 C:\xampp\htdocs\Sophia_Desarrollo\trunk\vendor\laravel\framework\src\Illuminate\Foundation\Http\Kernel.php(236): Illuminate\Routing\Router->dispatch(Object(Illuminate\Http\Request))
#39 [internal function]: Illuminate\Foundation\Http\Kernel->Illuminate\Foundation\Http\{closure}(Object(Illuminate\Http\Request))
#40 C:\xampp\htdocs\Sophia_Desarrollo\trunk\vendor\laravel\framework\src\Illuminate\Pipeline\Pipeline.php(139): call_user_func(Object(Closure), Object(Illuminate\Http\Request))
#41 C:\xampp\htdocs\Sophia_Desarrollo\trunk\vendor\laravel\framework\src\Illuminate\Foundation\Http\Middleware\VerifyCsrfToken.php(50): Illuminate\Pipeline\Pipeline->Illuminate\Pipeline\{closure}(Object(Illuminate\Http\Request))
#42 C:\xampp\htdocs\Sophia_Desarrollo\trunk\app\Http\Middleware\VerifyCsrfToken.php(17): Illuminate\Foundation\Http\Middleware\VerifyCsrfToken->handle(Object(Illuminate\Http\Request), Object(Closure))
#43 [internal function]: Sophia\Http\Middleware\VerifyCsrfToken->handle(Object(Illuminate\Http\Request), Object(Closure))
#44 C:\xampp\htdocs\Sophia_Desarrollo\trunk\vendor\laravel\framework\src\Illuminate\Pipeline\Pipeline.php(124): call_user_func_array(Array, Array)
#45 C:\xampp\htdocs\Sophia_Desarrollo\trunk\vendor\laravel\framework\src\Illuminate\View\Middleware\ShareErrorsFromSession.php(49): Illuminate\Pipeline\Pipeline->Illuminate\Pipeline\{closure}(Object(Illuminate\Http\Request))
#46 [internal function]: Illuminate\View\Middleware\ShareErrorsFromSession->handle(Object(Illuminate\Http\Request), Object(Closure))
#47 C:\xampp\htdocs\Sophia_Desarrollo\trunk\vendor\laravel\framework\src\Illuminate\Pipeline\Pipeline.php(124): call_user_func_array(Array, Array)
#48 C:\xampp\htdocs\Sophia_Desarrollo\trunk\vendor\laravel\framework\src\Illuminate\Session\Middleware\StartSession.php(62): Illuminate\Pipeline\Pipeline->Illuminate\Pipeline\{closure}(Object(Illuminate\Http\Request))
#49 [internal function]: Illuminate\Session\Middleware\StartSession->handle(Object(Illuminate\Http\Request), Object(Closure))
#50 C:\xampp\htdocs\Sophia_Desarrollo\trunk\vendor\laravel\framework\src\Illuminate\Pipeline\Pipeline.php(124): call_user_func_array(Array, Array)
#51 C:\xampp\htdocs\Sophia_Desarrollo\trunk\vendor\laravel\framework\src\Illuminate\Cookie\Middleware\AddQueuedCookiesToResponse.php(37): Illuminate\Pipeline\Pipeline->Illuminate\Pipeline\{closure}(Object(Illuminate\Http\Request))
#52 [internal function]: Illuminate\Cookie\Middleware\AddQueuedCookiesToResponse->handle(Object(Illuminate\Http\Request), Object(Closure))
#53 C:\xampp\htdocs\Sophia_Desarrollo\trunk\vendor\laravel\framework\src\Illuminate\Pipeline\Pipeline.php(124): call_user_func_array(Array, Array)
#54 C:\xampp\htdocs\Sophia_Desarrollo\trunk\vendor\laravel\framework\src\Illuminate\Cookie\Middleware\EncryptCookies.php(59): Illuminate\Pipeline\Pipeline->Illuminate\Pipeline\{closure}(Object(Illuminate\Http\Request))
#55 [internal function]: Illuminate\Cookie\Middleware\EncryptCookies->handle(Object(Illuminate\Http\Request), Object(Closure))
#56 C:\xampp\htdocs\Sophia_Desarrollo\trunk\vendor\laravel\framework\src\Illuminate\Pipeline\Pipeline.php(124): call_user_func_array(Array, Array)
#57 C:\xampp\htdocs\Sophia_Desarrollo\trunk\vendor\laravel\framework\src\Illuminate\Foundation\Http\Middleware\CheckForMaintenanceMode.php(44): Illuminate\Pipeline\Pipeline->Illuminate\Pipeline\{closure}(Object(Illuminate\Http\Request))
#58 [internal function]: Illuminate\Foundation\Http\Middleware\CheckForMaintenanceMode->handle(Object(Illuminate\Http\Request), Object(Closure))
#59 C:\xampp\htdocs\Sophia_Desarrollo\trunk\vendor\laravel\framework\src\Illuminate\Pipeline\Pipeline.php(124): call_user_func_array(Array, Array)
#60 [internal function]: Illuminate\Pipeline\Pipeline->Illuminate\Pipeline\{closure}(Object(Illuminate\Http\Request))
#61 C:\xampp\htdocs\Sophia_Desarrollo\trunk\vendor\laravel\framework\src\Illuminate\Pipeline\Pipeline.php(103): call_user_func(Object(Closure), Object(Illuminate\Http\Request))
#62 C:\xampp\htdocs\Sophia_Desarrollo\trunk\vendor\laravel\framework\src\Illuminate\Foundation\Http\Kernel.php(122): Illuminate\Pipeline\Pipeline->then(Object(Closure))
#63 C:\xampp\htdocs\Sophia_Desarrollo\trunk\vendor\laravel\framework\src\Illuminate\Foundation\Http\Kernel.php(87): Illuminate\Foundation\Http\Kernel->sendRequestThroughRouter(Object(Illuminate\Http\Request))
#64 C:\xampp\htdocs\Sophia_Desarrollo\trunk\public\index.php(53): Illuminate\Foundation\Http\Kernel->handle(Object(Illuminate\Http\Request))
#65 C:\xampp\htdocs\Sophia_Desarrollo\trunk\server.php(21): require_once('C:\\xampp\\htdocs...')
#66 {main}  
[2016-09-04 20:13:46] local.ERROR: exception 'InvalidArgumentException' with message 'View [registroAcademico] not found.' in C:\xampp\htdocs\Sophia_Desarrollo\trunk\vendor\laravel\framework\src\Illuminate\View\FileViewFinder.php:137
Stack trace:
#0 C:\xampp\htdocs\Sophia_Desarrollo\trunk\vendor\laravel\framework\src\Illuminate\View\FileViewFinder.php(79): Illuminate\View\FileViewFinder->findInPaths('registroAcademi...', Array)
#1 C:\xampp\htdocs\Sophia_Desarrollo\trunk\vendor\laravel\framework\src\Illuminate\View\Factory.php(151): Illuminate\View\FileViewFinder->find('registroAcademi...')
#2 C:\xampp\htdocs\Sophia_Desarrollo\trunk\vendor\laravel\framework\src\Illuminate\Foundation\helpers.php(748): Illuminate\View\Factory->make('registroAcademi...', Array, Array)
#3 C:\xampp\htdocs\Sophia_Desarrollo\trunk\app\Http\Controllers\UsuarioController.php(58): view('registroAcademi...')
#4 [internal function]: Sophia\Http\Controllers\UsuarioController->store(Object(Sophia\Http\Requests\UsuarioCreateRequest))
#5 C:\xampp\htdocs\Sophia_Desarrollo\trunk\vendor\laravel\framework\src\Illuminate\Routing\Controller.php(256): call_user_func_array(Array, Array)
#6 C:\xampp\htdocs\Sophia_Desarrollo\trunk\vendor\laravel\framework\src\Illuminate\Routing\ControllerDispatcher.php(164): Illuminate\Routing\Controller->callAction('store', Array)
#7 C:\xampp\htdocs\Sophia_Desarrollo\trunk\vendor\laravel\framework\src\Illuminate\Routing\ControllerDispatcher.php(112): Illuminate\Routing\ControllerDispatcher->call(Object(Sophia\Http\Controllers\UsuarioController), Object(Illuminate\Routing\Route), 'store')
#8 [internal function]: Illuminate\Routing\ControllerDispatcher->Illuminate\Routing\{closure}(Object(Illuminate\Http\Request))
#9 C:\xampp\htdocs\Sophia_Desarrollo\trunk\vendor\laravel\framework\src\Illuminate\Pipeline\Pipeline.php(139): call_user_func(Object(Closure), Object(Illuminate\Http\Request))
#10 [internal function]: Illuminate\Pipeline\Pipeline->Illuminate\Pipeline\{closure}(Object(Illuminate\Http\Request))
#11 C:\xampp\htdocs\Sophia_Desarrollo\trunk\vendor\laravel\framework\src\Illuminate\Pipeline\Pipeline.php(103): call_user_func(Object(Closure), Object(Illuminate\Http\Request))
#12 C:\xampp\htdocs\Sophia_Desarrollo\trunk\vendor\laravel\framework\src\Illuminate\Routing\ControllerDispatcher.php(114): Illuminate\Pipeline\Pipeline->then(Object(Closure))
#13 C:\xampp\htdocs\Sophia_Desarrollo\trunk\vendor\laravel\framework\src\Illuminate\Routing\ControllerDispatcher.php(69): Illuminate\Routing\ControllerDispatcher->callWithinStack(Object(Sophia\Http\Controllers\UsuarioController), Object(Illuminate\Routing\Route), Object(Illuminate\Http\Request), 'store')
#14 C:\xampp\htdocs\Sophia_Desarrollo\trunk\vendor\laravel\framework\src\Illuminate\Routing\Route.php(203): Illuminate\Routing\ControllerDispatcher->dispatch(Object(Illuminate\Routing\Route), Object(Illuminate\Http\Request), 'Sophia\\Http\\Con...', 'store')
#15 C:\xampp\htdocs\Sophia_Desarrollo\trunk\vendor\laravel\framework\src\Illuminate\Routing\Route.php(134): Illuminate\Routing\Route->runWithCustomDispatcher(Object(Illuminate\Http\Request))
#16 C:\xampp\htdocs\Sophia_Desarrollo\trunk\vendor\laravel\framework\src\Illuminate\Routing\Router.php(708): Illuminate\Routing\Route->run(Object(Illuminate\Http\Request))
#17 [internal function]: Illuminate\Routing\Router->Illuminate\Routing\{closure}(Object(Illuminate\Http\Request))
#18 C:\xampp\htdocs\Sophia_Desarrollo\trunk\vendor\laravel\framework\src\Illuminate\Pipeline\Pipeline.php(139): call_user_func(Object(Closure), Object(Illuminate\Http\Request))
#19 [internal function]: Illuminate\Pipeline\Pipeline->Illuminate\Pipeline\{closure}(Object(Illuminate\Http\Request))
#20 C:\xampp\htdocs\Sophia_Desarrollo\trunk\vendor\laravel\framework\src\Illuminate\Pipeline\Pipeline.php(103): call_user_func(Object(Closure), Object(Illuminate\Http\Request))
#21 C:\xampp\htdocs\Sophia_Desarrollo\trunk\vendor\laravel\framework\src\Illuminate\Routing\Router.php(710): Illuminate\Pipeline\Pipeline->then(Object(Closure))
#22 C:\xampp\htdocs\Sophia_Desarrollo\trunk\vendor\laravel\framework\src\Illuminate\Routing\Router.php(675): Illuminate\Routing\Router->runRouteWithinStack(Object(Illuminate\Routing\Route), Object(Illuminate\Http\Request))
#23 C:\xampp\htdocs\Sophia_Desarrollo\trunk\vendor\laravel\framework\src\Illuminate\Routing\Router.php(635): Illuminate\Routing\Router->dispatchToRoute(Object(Illuminate\Http\Request))
#24 C:\xampp\htdocs\Sophia_Desarrollo\trunk\vendor\laravel\framework\src\Illuminate\Foundation\Http\Kernel.php(236): Illuminate\Routing\Router->dispatch(Object(Illuminate\Http\Request))
#25 [internal function]: Illuminate\Foundation\Http\Kernel->Illuminate\Foundation\Http\{closure}(Object(Illuminate\Http\Request))
#26 C:\xampp\htdocs\Sophia_Desarrollo\trunk\vendor\laravel\framework\src\Illuminate\Pipeline\Pipeline.php(139): call_user_func(Object(Closure), Object(Illuminate\Http\Request))
#27 C:\xampp\htdocs\Sophia_Desarrollo\trunk\vendor\laravel\framework\src\Illuminate\Foundation\Http\Middleware\VerifyCsrfToken.php(50): Illuminate\Pipeline\Pipeline->Illuminate\Pipeline\{closure}(Object(Illuminate\Http\Request))
#28 C:\xampp\htdocs\Sophia_Desarrollo\trunk\app\Http\Middleware\VerifyCsrfToken.php(17): Illuminate\Foundation\Http\Middleware\VerifyCsrfToken->handle(Object(Illuminate\Http\Request), Object(Closure))
#29 [internal function]: Sophia\Http\Middleware\VerifyCsrfToken->handle(Object(Illuminate\Http\Request), Object(Closure))
#30 C:\xampp\htdocs\Sophia_Desarrollo\trunk\vendor\laravel\framework\src\Illuminate\Pipeline\Pipeline.php(124): call_user_func_array(Array, Array)
#31 C:\xampp\htdocs\Sophia_Desarrollo\trunk\vendor\laravel\framework\src\Illuminate\View\Middleware\ShareErrorsFromSession.php(49): Illuminate\Pipeline\Pipeline->Illuminate\Pipeline\{closure}(Object(Illuminate\Http\Request))
#32 [internal function]: Illuminate\View\Middleware\ShareErrorsFromSession->handle(Object(Illuminate\Http\Request), Object(Closure))
#33 C:\xampp\htdocs\Sophia_Desarrollo\trunk\vendor\laravel\framework\src\Illuminate\Pipeline\Pipeline.php(124): call_user_func_array(Array, Array)
#34 C:\xampp\htdocs\Sophia_Desarrollo\trunk\vendor\laravel\framework\src\Illuminate\Session\Middleware\StartSession.php(62): Illuminate\Pipeline\Pipeline->Illuminate\Pipeline\{closure}(Object(Illuminate\Http\Request))
#35 [internal function]: Illuminate\Session\Middleware\StartSession->handle(Object(Illuminate\Http\Request), Object(Closure))
#36 C:\xampp\htdocs\Sophia_Desarrollo\trunk\vendor\laravel\framework\src\Illuminate\Pipeline\Pipeline.php(124): call_user_func_array(Array, Array)
#37 C:\xampp\htdocs\Sophia_Desarrollo\trunk\vendor\laravel\framework\src\Illuminate\Cookie\Middleware\AddQueuedCookiesToResponse.php(37): Illuminate\Pipeline\Pipeline->Illuminate\Pipeline\{closure}(Object(Illuminate\Http\Request))
#38 [internal function]: Illuminate\Cookie\Middleware\AddQueuedCookiesToResponse->handle(Object(Illuminate\Http\Request), Object(Closure))
#39 C:\xampp\htdocs\Sophia_Desarrollo\trunk\vendor\laravel\framework\src\Illuminate\Pipeline\Pipeline.php(124): call_user_func_array(Array, Array)
#40 C:\xampp\htdocs\Sophia_Desarrollo\trunk\vendor\laravel\framework\src\Illuminate\Cookie\Middleware\EncryptCookies.php(59): Illuminate\Pipeline\Pipeline->Illuminate\Pipeline\{closure}(Object(Illuminate\Http\Request))
#41 [internal function]: Illuminate\Cookie\Middleware\EncryptCookies->handle(Object(Illuminate\Http\Request), Object(Closure))
#42 C:\xampp\htdocs\Sophia_Desarrollo\trunk\vendor\laravel\framework\src\Illuminate\Pipeline\Pipeline.php(124): call_user_func_array(Array, Array)
#43 C:\xampp\htdocs\Sophia_Desarrollo\trunk\vendor\laravel\framework\src\Illuminate\Foundation\Http\Middleware\CheckForMaintenanceMode.php(44): Illuminate\Pipeline\Pipeline->Illuminate\Pipeline\{closure}(Object(Illuminate\Http\Request))
#44 [internal function]: Illuminate\Foundation\Http\Middleware\CheckForMaintenanceMode->handle(Object(Illuminate\Http\Request), Object(Closure))
#45 C:\xampp\htdocs\Sophia_Desarrollo\trunk\vendor\laravel\framework\src\Illuminate\Pipeline\Pipeline.php(124): call_user_func_array(Array, Array)
#46 [internal function]: Illuminate\Pipeline\Pipeline->Illuminate\Pipeline\{closure}(Object(Illuminate\Http\Request))
#47 C:\xampp\htdocs\Sophia_Desarrollo\trunk\vendor\laravel\framework\src\Illuminate\Pipeline\Pipeline.php(103): call_user_func(Object(Closure), Object(Illuminate\Http\Request))
#48 C:\xampp\htdocs\Sophia_Desarrollo\trunk\vendor\laravel\framework\src\Illuminate\Foundation\Http\Kernel.php(122): Illuminate\Pipeline\Pipeline->then(Object(Closure))
#49 C:\xampp\htdocs\Sophia_Desarrollo\trunk\vendor\laravel\framework\src\Illuminate\Foundation\Http\Kernel.php(87): Illuminate\Foundation\Http\Kernel->sendRequestThroughRouter(Object(Illuminate\Http\Request))
#50 C:\xampp\htdocs\Sophia_Desarrollo\trunk\public\index.php(53): Illuminate\Foundation\Http\Kernel->handle(Object(Illuminate\Http\Request))
#51 C:\xampp\htdocs\Sophia_Desarrollo\trunk\server.php(21): require_once('C:\\xampp\\htdocs...')
#52 {main}  
[2016-09-04 20:14:51] local.ERROR: exception 'InvalidArgumentException' with message 'View [registroAcademico] not found.' in C:\xampp\htdocs\Sophia_Desarrollo\trunk\vendor\laravel\framework\src\Illuminate\View\FileViewFinder.php:137
Stack trace:
#0 C:\xampp\htdocs\Sophia_Desarrollo\trunk\vendor\laravel\framework\src\Illuminate\View\FileViewFinder.php(79): Illuminate\View\FileViewFinder->findInPaths('registroAcademi...', Array)
#1 C:\xampp\htdocs\Sophia_Desarrollo\trunk\vendor\laravel\framework\src\Illuminate\View\Factory.php(151): Illuminate\View\FileViewFinder->find('registroAcademi...')
#2 C:\xampp\htdocs\Sophia_Desarrollo\trunk\vendor\laravel\framework\src\Illuminate\Foundation\helpers.php(748): Illuminate\View\Factory->make('registroAcademi...', Array, Array)
#3 C:\xampp\htdocs\Sophia_Desarrollo\trunk\app\Http\routes.php(30): view('registroAcademi...', Array)
#4 [internal function]: Sophia\Providers\RouteServiceProvider->{closure}()
#5 C:\xampp\htdocs\Sophia_Desarrollo\trunk\vendor\laravel\framework\src\Illuminate\Routing\Route.php(155): call_user_func_array(Object(Closure), Array)
#6 C:\xampp\htdocs\Sophia_Desarrollo\trunk\vendor\laravel\framework\src\Illuminate\Routing\Route.php(130): Illuminate\Routing\Route->runCallable(Object(Illuminate\Http\Request))
#7 C:\xampp\htdocs\Sophia_Desarrollo\trunk\vendor\laravel\framework\src\Illuminate\Routing\Router.php(708): Illuminate\Routing\Route->run(Object(Illuminate\Http\Request))
#8 [internal function]: Illuminate\Routing\Router->Illuminate\Routing\{closure}(Object(Illuminate\Http\Request))
#9 C:\xampp\htdocs\Sophia_Desarrollo\trunk\vendor\laravel\framework\src\Illuminate\Pipeline\Pipeline.php(139): call_user_func(Object(Closure), Object(Illuminate\Http\Request))
#10 [internal function]: Illuminate\Pipeline\Pipeline->Illuminate\Pipeline\{closure}(Object(Illuminate\Http\Request))
#11 C:\xampp\htdocs\Sophia_Desarrollo\trunk\vendor\laravel\framework\src\Illuminate\Pipeline\Pipeline.php(103): call_user_func(Object(Closure), Object(Illuminate\Http\Request))
#12 C:\xampp\htdocs\Sophia_Desarrollo\trunk\vendor\laravel\framework\src\Illuminate\Routing\Router.php(710): Illuminate\Pipeline\Pipeline->then(Object(Closure))
#13 C:\xampp\htdocs\Sophia_Desarrollo\trunk\vendor\laravel\framework\src\Illuminate\Routing\Router.php(675): Illuminate\Routing\Router->runRouteWithinStack(Object(Illuminate\Routing\Route), Object(Illuminate\Http\Request))
#14 C:\xampp\htdocs\Sophia_Desarrollo\trunk\vendor\laravel\framework\src\Illuminate\Routing\Router.php(635): Illuminate\Routing\Router->dispatchToRoute(Object(Illuminate\Http\Request))
#15 C:\xampp\htdocs\Sophia_Desarrollo\trunk\vendor\laravel\framework\src\Illuminate\Foundation\Http\Kernel.php(236): Illuminate\Routing\Router->dispatch(Object(Illuminate\Http\Request))
#16 [internal function]: Illuminate\Foundation\Http\Kernel->Illuminate\Foundation\Http\{closure}(Object(Illuminate\Http\Request))
#17 C:\xampp\htdocs\Sophia_Desarrollo\trunk\vendor\laravel\framework\src\Illuminate\Pipeline\Pipeline.php(139): call_user_func(Object(Closure), Object(Illuminate\Http\Request))
#18 C:\xampp\htdocs\Sophia_Desarrollo\trunk\vendor\laravel\framework\src\Illuminate\Foundation\Http\Middleware\VerifyCsrfToken.php(50): Illuminate\Pipeline\Pipeline->Illuminate\Pipeline\{closure}(Object(Illuminate\Http\Request))
#19 C:\xampp\htdocs\Sophia_Desarrollo\trunk\app\Http\Middleware\VerifyCsrfToken.php(17): Illuminate\Foundation\Http\Middleware\VerifyCsrfToken->handle(Object(Illuminate\Http\Request), Object(Closure))
#20 [internal function]: Sophia\Http\Middleware\VerifyCsrfToken->handle(Object(Illuminate\Http\Request), Object(Closure))
#21 C:\xampp\htdocs\Sophia_Desarrollo\trunk\vendor\laravel\framework\src\Illuminate\Pipeline\Pipeline.php(124): call_user_func_array(Array, Array)
#22 C:\xampp\htdocs\Sophia_Desarrollo\trunk\vendor\laravel\framework\src\Illuminate\View\Middleware\ShareErrorsFromSession.php(49): Illuminate\Pipeline\Pipeline->Illuminate\Pipeline\{closure}(Object(Illuminate\Http\Request))
#23 [internal function]: Illuminate\View\Middleware\ShareErrorsFromSession->handle(Object(Illuminate\Http\Request), Object(Closure))
#24 C:\xampp\htdocs\Sophia_Desarrollo\trunk\vendor\laravel\framework\src\Illuminate\Pipeline\Pipeline.php(124): call_user_func_array(Array, Array)
#25 C:\xampp\htdocs\Sophia_Desarrollo\trunk\vendor\laravel\framework\src\Illuminate\Session\Middleware\StartSession.php(62): Illuminate\Pipeline\Pipeline->Illuminate\Pipeline\{closure}(Object(Illuminate\Http\Request))
#26 [internal function]: Illuminate\Session\Middleware\StartSession->handle(Object(Illuminate\Http\Request), Object(Closure))
#27 C:\xampp\htdocs\Sophia_Desarrollo\trunk\vendor\laravel\framework\src\Illuminate\Pipeline\Pipeline.php(124): call_user_func_array(Array, Array)
#28 C:\xampp\htdocs\Sophia_Desarrollo\trunk\vendor\laravel\framework\src\Illuminate\Cookie\Middleware\AddQueuedCookiesToResponse.php(37): Illuminate\Pipeline\Pipeline->Illuminate\Pipeline\{closure}(Object(Illuminate\Http\Request))
#29 [internal function]: Illuminate\Cookie\Middleware\AddQueuedCookiesToResponse->handle(Object(Illuminate\Http\Request), Object(Closure))
#30 C:\xampp\htdocs\Sophia_Desarrollo\trunk\vendor\laravel\framework\src\Illuminate\Pipeline\Pipeline.php(124): call_user_func_array(Array, Array)
#31 C:\xampp\htdocs\Sophia_Desarrollo\trunk\vendor\laravel\framework\src\Illuminate\Cookie\Middleware\EncryptCookies.php(59): Illuminate\Pipeline\Pipeline->Illuminate\Pipeline\{closure}(Object(Illuminate\Http\Request))
#32 [internal function]: Illuminate\Cookie\Middleware\EncryptCookies->handle(Object(Illuminate\Http\Request), Object(Closure))
#33 C:\xampp\htdocs\Sophia_Desarrollo\trunk\vendor\laravel\framework\src\Illuminate\Pipeline\Pipeline.php(124): call_user_func_array(Array, Array)
#34 C:\xampp\htdocs\Sophia_Desarrollo\trunk\vendor\laravel\framework\src\Illuminate\Foundation\Http\Middleware\CheckForMaintenanceMode.php(44): Illuminate\Pipeline\Pipeline->Illuminate\Pipeline\{closure}(Object(Illuminate\Http\Request))
#35 [internal function]: Illuminate\Foundation\Http\Middleware\CheckForMaintenanceMode->handle(Object(Illuminate\Http\Request), Object(Closure))
#36 C:\xampp\htdocs\Sophia_Desarrollo\trunk\vendor\laravel\framework\src\Illuminate\Pipeline\Pipeline.php(124): call_user_func_array(Array, Array)
#37 [internal function]: Illuminate\Pipeline\Pipeline->Illuminate\Pipeline\{closure}(Object(Illuminate\Http\Request))
#38 C:\xampp\htdocs\Sophia_Desarrollo\trunk\vendor\laravel\framework\src\Illuminate\Pipeline\Pipeline.php(103): call_user_func(Object(Closure), Object(Illuminate\Http\Request))
#39 C:\xampp\htdocs\Sophia_Desarrollo\trunk\vendor\laravel\framework\src\Illuminate\Foundation\Http\Kernel.php(122): Illuminate\Pipeline\Pipeline->then(Object(Closure))
#40 C:\xampp\htdocs\Sophia_Desarrollo\trunk\vendor\laravel\framework\src\Illuminate\Foundation\Http\Kernel.php(87): Illuminate\Foundation\Http\Kernel->sendRequestThroughRouter(Object(Illuminate\Http\Request))
#41 C:\xampp\htdocs\Sophia_Desarrollo\trunk\public\index.php(53): Illuminate\Foundation\Http\Kernel->handle(Object(Illuminate\Http\Request))
#42 C:\xampp\htdocs\Sophia_Desarrollo\trunk\server.php(21): require_once('C:\\xampp\\htdocs...')
#43 {main}  
[2016-09-04 20:28:38] local.ERROR: exception 'PDOException' with message 'SQLSTATE[42S02]: Base table or view not found: 1146 Table 'sistema_desarrollo.usuarios' doesn't exist' in C:\xampp\htdocs\Sophia_Desarrollo\trunk\vendor\laravel\framework\src\Illuminate\Database\Connection.php:319
Stack trace:
#0 C:\xampp\htdocs\Sophia_Desarrollo\trunk\vendor\laravel\framework\src\Illuminate\Database\Connection.php(319): PDO->prepare('select count(*)...')
#1 C:\xampp\htdocs\Sophia_Desarrollo\trunk\vendor\laravel\framework\src\Illuminate\Database\Connection.php(655): Illuminate\Database\Connection->Illuminate\Database\{closure}(Object(Illuminate\Database\MySqlConnection), 'select count(*)...', Array)
#2 C:\xampp\htdocs\Sophia_Desarrollo\trunk\vendor\laravel\framework\src\Illuminate\Database\Connection.php(618): Illuminate\Database\Connection->runQueryCallback('select count(*)...', Array, Object(Closure))
#3 C:\xampp\htdocs\Sophia_Desarrollo\trunk\vendor\laravel\framework\src\Illuminate\Database\Connection.php(324): Illuminate\Database\Connection->run('select count(*)...', Array, Object(Closure))
#4 C:\xampp\htdocs\Sophia_Desarrollo\trunk\vendor\laravel\framework\src\Illuminate\Database\Query\Builder.php(1431): Illuminate\Database\Connection->select('select count(*)...', Array, false)
#5 C:\xampp\htdocs\Sophia_Desarrollo\trunk\vendor\laravel\framework\src\Illuminate\Database\Query\Builder.php(1408): Illuminate\Database\Query\Builder->runSelect()
#6 C:\xampp\htdocs\Sophia_Desarrollo\trunk\vendor\laravel\framework\src\Illuminate\Database\Query\Builder.php(1738): Illuminate\Database\Query\Builder->get(Array)
#7 C:\xampp\htdocs\Sophia_Desarrollo\trunk\vendor\laravel\framework\src\Illuminate\Database\Query\Builder.php(1660): Illuminate\Database\Query\Builder->aggregate('count', Array)
#8 C:\xampp\htdocs\Sophia_Desarrollo\trunk\vendor\laravel\framework\src\Illuminate\Validation\DatabasePresenceVerifier.php(57): Illuminate\Database\Query\Builder->count()
#9 C:\xampp\htdocs\Sophia_Desarrollo\trunk\vendor\laravel\framework\src\Illuminate\Validation\Validator.php(1070): Illuminate\Validation\DatabasePresenceVerifier->getCount('usuarios', 'email', 'x.konto@live.cl', NULL, NULL, Array)
#10 C:\xampp\htdocs\Sophia_Desarrollo\trunk\vendor\laravel\framework\src\Illuminate\Validation\Validator.php(363): Illuminate\Validation\Validator->validateUnique('email', 'x.konto@live.cl', Array, Object(Illuminate\Validation\Validator))
#11 C:\xampp\htdocs\Sophia_Desarrollo\trunk\vendor\laravel\framework\src\Illuminate\Validation\Validator.php(315): Illuminate\Validation\Validator->validate('email', 'unique:usuarios')
#12 C:\xampp\htdocs\Sophia_Desarrollo\trunk\vendor\laravel\framework\src\Illuminate\Validation\ValidatesWhenResolvedTrait.php(24): Illuminate\Validation\Validator->passes()
#13 C:\xampp\htdocs\Sophia_Desarrollo\trunk\vendor\laravel\framework\src\Illuminate\Validation\ValidationServiceProvider.php(32): Illuminate\Foundation\Http\FormRequest->validate()
#14 C:\xampp\htdocs\Sophia_Desarrollo\trunk\vendor\laravel\framework\src\Illuminate\Container\Container.php(1024): Illuminate\Validation\ValidationServiceProvider->Illuminate\Validation\{closure}(Object(Sophia\Http\Requests\UsuarioCreateRequest), Object(Illuminate\Foundation\Application))
#15 C:\xampp\htdocs\Sophia_Desarrollo\trunk\vendor\laravel\framework\src\Illuminate\Container\Container.php(989): Illuminate\Container\Container->fireCallbackArray(Object(Sophia\Http\Requests\UsuarioCreateRequest), Array)
#16 C:\xampp\htdocs\Sophia_Desarrollo\trunk\vendor\laravel\framework\src\Illuminate\Container\Container.php(650): Illuminate\Container\Container->fireResolvingCallbacks('Sophia\\Http\\Req...', Object(Sophia\Http\Requests\UsuarioCreateRequest))
#17 C:\xampp\htdocs\Sophia_Desarrollo\trunk\vendor\laravel\framework\src\Illuminate\Foundation\Application.php(674): Illuminate\Container\Container->make('Sophia\\Http\\Req...', Array)
#18 C:\xampp\htdocs\Sophia_Desarrollo\trunk\vendor\laravel\framework\src\Illuminate\Routing\RouteDependencyResolverTrait.php(87): Illuminate\Foundation\Application->make('Sophia\\Http\\Req...')
#19 C:\xampp\htdocs\Sophia_Desarrollo\trunk\vendor\laravel\framework\src\Illuminate\Routing\RouteDependencyResolverTrait.php(61): Illuminate\Routing\ControllerDispatcher->transformDependency(Object(ReflectionParameter), Array, Array)
#20 C:\xampp\htdocs\Sophia_Desarrollo\trunk\vendor\laravel\framework\src\Illuminate\Routing\RouteDependencyResolverTrait.php(44): Illuminate\Routing\ControllerDispatcher->resolveMethodDependencies(Array, Object(ReflectionMethod))
#21 C:\xampp\htdocs\Sophia_Desarrollo\trunk\vendor\laravel\framework\src\Illuminate\Routing\ControllerDispatcher.php(162): Illuminate\Routing\ControllerDispatcher->resolveClassMethodDependencies(Array, Object(Sophia\Http\Controllers\UsuarioController), 'store')
#22 C:\xampp\htdocs\Sophia_Desarrollo\trunk\vendor\laravel\framework\src\Illuminate\Routing\ControllerDispatcher.php(112): Illuminate\Routing\ControllerDispatcher->call(Object(Sophia\Http\Controllers\UsuarioController), Object(Illuminate\Routing\Route), 'store')
#23 [internal function]: Illuminate\Routing\ControllerDispatcher->Illuminate\Routing\{closure}(Object(Illuminate\Http\Request))
#24 C:\xampp\htdocs\Sophia_Desarrollo\trunk\vendor\laravel\framework\src\Illuminate\Pipeline\Pipeline.php(139): call_user_func(Object(Closure), Object(Illuminate\Http\Request))
#25 [internal function]: Illuminate\Pipeline\Pipeline->Illuminate\Pipeline\{closure}(Object(Illuminate\Http\Request))
#26 C:\xampp\htdocs\Sophia_Desarrollo\trunk\vendor\laravel\framework\src\Illuminate\Pipeline\Pipeline.php(103): call_user_func(Object(Closure), Object(Illuminate\Http\Request))
#27 C:\xampp\htdocs\Sophia_Desarrollo\trunk\vendor\laravel\framework\src\Illuminate\Routing\ControllerDispatcher.php(114): Illuminate\Pipeline\Pipeline->then(Object(Closure))
#28 C:\xampp\htdocs\Sophia_Desarrollo\trunk\vendor\laravel\framework\src\Illuminate\Routing\ControllerDispatcher.php(69): Illuminate\Routing\ControllerDispatcher->callWithinStack(Object(Sophia\Http\Controllers\UsuarioController), Object(Illuminate\Routing\Route), Object(Illuminate\Http\Request), 'store')
#29 C:\xampp\htdocs\Sophia_Desarrollo\trunk\vendor\laravel\framework\src\Illuminate\Routing\Route.php(203): Illuminate\Routing\ControllerDispatcher->dispatch(Object(Illuminate\Routing\Route), Object(Illuminate\Http\Request), 'Sophia\\Http\\Con...', 'store')
#30 C:\xampp\htdocs\Sophia_Desarrollo\trunk\vendor\laravel\framework\src\Illuminate\Routing\Route.php(134): Illuminate\Routing\Route->runWithCustomDispatcher(Object(Illuminate\Http\Request))
#31 C:\xampp\htdocs\Sophia_Desarrollo\trunk\vendor\laravel\framework\src\Illuminate\Routing\Router.php(708): Illuminate\Routing\Route->run(Object(Illuminate\Http\Request))
#32 [internal function]: Illuminate\Routing\Router->Illuminate\Routing\{closure}(Object(Illuminate\Http\Request))
#33 C:\xampp\htdocs\Sophia_Desarrollo\trunk\vendor\laravel\framework\src\Illuminate\Pipeline\Pipeline.php(139): call_user_func(Object(Closure), Object(Illuminate\Http\Request))
#34 [internal function]: Illuminate\Pipeline\Pipeline->Illuminate\Pipeline\{closure}(Object(Illuminate\Http\Request))
#35 C:\xampp\htdocs\Sophia_Desarrollo\trunk\vendor\laravel\framework\src\Illuminate\Pipeline\Pipeline.php(103): call_user_func(Object(Closure), Object(Illuminate\Http\Request))
#36 C:\xampp\htdocs\Sophia_Desarrollo\trunk\vendor\laravel\framework\src\Illuminate\Routing\Router.php(710): Illuminate\Pipeline\Pipeline->then(Object(Closure))
#37 C:\xampp\htdocs\Sophia_Desarrollo\trunk\vendor\laravel\framework\src\Illuminate\Routing\Router.php(675): Illuminate\Routing\Router->runRouteWithinStack(Object(Illuminate\Routing\Route), Object(Illuminate\Http\Request))
#38 C:\xampp\htdocs\Sophia_Desarrollo\trunk\vendor\laravel\framework\src\Illuminate\Routing\Router.php(635): Illuminate\Routing\Router->dispatchToRoute(Object(Illuminate\Http\Request))
#39 C:\xampp\htdocs\Sophia_Desarrollo\trunk\vendor\laravel\framework\src\Illuminate\Foundation\Http\Kernel.php(236): Illuminate\Routing\Router->dispatch(Object(Illuminate\Http\Request))
#40 [internal function]: Illuminate\Foundation\Http\Kernel->Illuminate\Foundation\Http\{closure}(Object(Illuminate\Http\Request))
#41 C:\xampp\htdocs\Sophia_Desarrollo\trunk\vendor\laravel\framework\src\Illuminate\Pipeline\Pipeline.php(139): call_user_func(Object(Closure), Object(Illuminate\Http\Request))
#42 C:\xampp\htdocs\Sophia_Desarrollo\trunk\vendor\laravel\framework\src\Illuminate\Foundation\Http\Middleware\VerifyCsrfToken.php(50): Illuminate\Pipeline\Pipeline->Illuminate\Pipeline\{closure}(Object(Illuminate\Http\Request))
#43 C:\xampp\htdocs\Sophia_Desarrollo\trunk\app\Http\Middleware\VerifyCsrfToken.php(17): Illuminate\Foundation\Http\Middleware\VerifyCsrfToken->handle(Object(Illuminate\Http\Request), Object(Closure))
#44 [internal function]: Sophia\Http\Middleware\VerifyCsrfToken->handle(Object(Illuminate\Http\Request), Object(Closure))
#45 C:\xampp\htdocs\Sophia_Desarrollo\trunk\vendor\laravel\framework\src\Illuminate\Pipeline\Pipeline.php(124): call_user_func_array(Array, Array)
#46 C:\xampp\htdocs\Sophia_Desarrollo\trunk\vendor\laravel\framework\src\Illuminate\View\Middleware\ShareErrorsFromSession.php(49): Illuminate\Pipeline\Pipeline->Illuminate\Pipeline\{closure}(Object(Illuminate\Http\Request))
#47 [internal function]: Illuminate\View\Middleware\ShareErrorsFromSession->handle(Object(Illuminate\Http\Request), Object(Closure))
#48 C:\xampp\htdocs\Sophia_Desarrollo\trunk\vendor\laravel\framework\src\Illuminate\Pipeline\Pipeline.php(124): call_user_func_array(Array, Array)
#49 C:\xampp\htdocs\Sophia_Desarrollo\trunk\vendor\laravel\framework\src\Illuminate\Session\Middleware\StartSession.php(62): Illuminate\Pipeline\Pipeline->Illuminate\Pipeline\{closure}(Object(Illuminate\Http\Request))
#50 [internal function]: Illuminate\Session\Middleware\StartSession->handle(Object(Illuminate\Http\Request), Object(Closure))
#51 C:\xampp\htdocs\Sophia_Desarrollo\trunk\vendor\laravel\framework\src\Illuminate\Pipeline\Pipeline.php(124): call_user_func_array(Array, Array)
#52 C:\xampp\htdocs\Sophia_Desarrollo\trunk\vendor\laravel\framework\src\Illuminate\Cookie\Middleware\AddQueuedCookiesToResponse.php(37): Illuminate\Pipeline\Pipeline->Illuminate\Pipeline\{closure}(Object(Illuminate\Http\Request))
#53 [internal function]: Illuminate\Cookie\Middleware\AddQueuedCookiesToResponse->handle(Object(Illuminate\Http\Request), Object(Closure))
#54 C:\xampp\htdocs\Sophia_Desarrollo\trunk\vendor\laravel\framework\src\Illuminate\Pipeline\Pipeline.php(124): call_user_func_array(Array, Array)
#55 C:\xampp\htdocs\Sophia_Desarrollo\trunk\vendor\laravel\framework\src\Illuminate\Cookie\Middleware\EncryptCookies.php(59): Illuminate\Pipeline\Pipeline->Illuminate\Pipeline\{closure}(Object(Illuminate\Http\Request))
#56 [internal function]: Illuminate\Cookie\Middleware\EncryptCookies->handle(Object(Illuminate\Http\Request), Object(Closure))
#57 C:\xampp\htdocs\Sophia_Desarrollo\trunk\vendor\laravel\framework\src\Illuminate\Pipeline\Pipeline.php(124): call_user_func_array(Array, Array)
#58 C:\xampp\htdocs\Sophia_Desarrollo\trunk\vendor\laravel\framework\src\Illuminate\Foundation\Http\Middleware\CheckForMaintenanceMode.php(44): Illuminate\Pipeline\Pipeline->Illuminate\Pipeline\{closure}(Object(Illuminate\Http\Request))
#59 [internal function]: Illuminate\Foundation\Http\Middleware\CheckForMaintenanceMode->handle(Object(Illuminate\Http\Request), Object(Closure))
#60 C:\xampp\htdocs\Sophia_Desarrollo\trunk\vendor\laravel\framework\src\Illuminate\Pipeline\Pipeline.php(124): call_user_func_array(Array, Array)
#61 [internal function]: Illuminate\Pipeline\Pipeline->Illuminate\Pipeline\{closure}(Object(Illuminate\Http\Request))
#62 C:\xampp\htdocs\Sophia_Desarrollo\trunk\vendor\laravel\framework\src\Illuminate\Pipeline\Pipeline.php(103): call_user_func(Object(Closure), Object(Illuminate\Http\Request))
#63 C:\xampp\htdocs\Sophia_Desarrollo\trunk\vendor\laravel\framework\src\Illuminate\Foundation\Http\Kernel.php(122): Illuminate\Pipeline\Pipeline->then(Object(Closure))
#64 C:\xampp\htdocs\Sophia_Desarrollo\trunk\vendor\laravel\framework\src\Illuminate\Foundation\Http\Kernel.php(87): Illuminate\Foundation\Http\Kernel->sendRequestThroughRouter(Object(Illuminate\Http\Request))
#65 C:\xampp\htdocs\Sophia_Desarrollo\trunk\public\index.php(53): Illuminate\Foundation\Http\Kernel->handle(Object(Illuminate\Http\Request))
#66 C:\xampp\htdocs\Sophia_Desarrollo\trunk\server.php(21): require_once('C:\\xampp\\htdocs...')
#67 {main}

Next exception 'Illuminate\Database\QueryException' with message 'SQLSTATE[42S02]: Base table or view not found: 1146 Table 'sistema_desarrollo.usuarios' doesn't exist (SQL: select count(*) as aggregate from `usuarios` where `email` = x.konto@live.cl)' in C:\xampp\htdocs\Sophia_Desarrollo\trunk\vendor\laravel\framework\src\Illuminate\Database\Connection.php:662
Stack trace:
#0 C:\xampp\htdocs\Sophia_Desarrollo\trunk\vendor\laravel\framework\src\Illuminate\Database\Connection.php(618): Illuminate\Database\Connection->runQueryCallback('select count(*)...', Array, Object(Closure))
#1 C:\xampp\htdocs\Sophia_Desarrollo\trunk\vendor\laravel\framework\src\Illuminate\Database\Connection.php(324): Illuminate\Database\Connection->run('select count(*)...', Array, Object(Closure))
#2 C:\xampp\htdocs\Sophia_Desarrollo\trunk\vendor\laravel\framework\src\Illuminate\Database\Query\Builder.php(1431): Illuminate\Database\Connection->select('select count(*)...', Array, false)
#3 C:\xampp\htdocs\Sophia_Desarrollo\trunk\vendor\laravel\framework\src\Illuminate\Database\Query\Builder.php(1408): Illuminate\Database\Query\Builder->runSelect()
#4 C:\xampp\htdocs\Sophia_Desarrollo\trunk\vendor\laravel\framework\src\Illuminate\Database\Query\Builder.php(1738): Illuminate\Database\Query\Builder->get(Array)
#5 C:\xampp\htdocs\Sophia_Desarrollo\trunk\vendor\laravel\framework\src\Illuminate\Database\Query\Builder.php(1660): Illuminate\Database\Query\Builder->aggregate('count', Array)
#6 C:\xampp\htdocs\Sophia_Desarrollo\trunk\vendor\laravel\framework\src\Illuminate\Validation\DatabasePresenceVerifier.php(57): Illuminate\Database\Query\Builder->count()
#7 C:\xampp\htdocs\Sophia_Desarrollo\trunk\vendor\laravel\framework\src\Illuminate\Validation\Validator.php(1070): Illuminate\Validation\DatabasePresenceVerifier->getCount('usuarios', 'email', 'x.konto@live.cl', NULL, NULL, Array)
#8 C:\xampp\htdocs\Sophia_Desarrollo\trunk\vendor\laravel\framework\src\Illuminate\Validation\Validator.php(363): Illuminate\Validation\Validator->validateUnique('email', 'x.konto@live.cl', Array, Object(Illuminate\Validation\Validator))
#9 C:\xampp\htdocs\Sophia_Desarrollo\trunk\vendor\laravel\framework\src\Illuminate\Validation\Validator.php(315): Illuminate\Validation\Validator->validate('email', 'unique:usuarios')
#10 C:\xampp\htdocs\Sophia_Desarrollo\trunk\vendor\laravel\framework\src\Illuminate\Validation\ValidatesWhenResolvedTrait.php(24): Illuminate\Validation\Validator->passes()
#11 C:\xampp\htdocs\Sophia_Desarrollo\trunk\vendor\laravel\framework\src\Illuminate\Validation\ValidationServiceProvider.php(32): Illuminate\Foundation\Http\FormRequest->validate()
#12 C:\xampp\htdocs\Sophia_Desarrollo\trunk\vendor\laravel\framework\src\Illuminate\Container\Container.php(1024): Illuminate\Validation\ValidationServiceProvider->Illuminate\Validation\{closure}(Object(Sophia\Http\Requests\UsuarioCreateRequest), Object(Illuminate\Foundation\Application))
#13 C:\xampp\htdocs\Sophia_Desarrollo\trunk\vendor\laravel\framework\src\Illuminate\Container\Container.php(989): Illuminate\Container\Container->fireCallbackArray(Object(Sophia\Http\Requests\UsuarioCreateRequest), Array)
#14 C:\xampp\htdocs\Sophia_Desarrollo\trunk\vendor\laravel\framework\src\Illuminate\Container\Container.php(650): Illuminate\Container\Container->fireResolvingCallbacks('Sophia\\Http\\Req...', Object(Sophia\Http\Requests\UsuarioCreateRequest))
#15 C:\xampp\htdocs\Sophia_Desarrollo\trunk\vendor\laravel\framework\src\Illuminate\Foundation\Application.php(674): Illuminate\Container\Container->make('Sophia\\Http\\Req...', Array)
#16 C:\xampp\htdocs\Sophia_Desarrollo\trunk\vendor\laravel\framework\src\Illuminate\Routing\RouteDependencyResolverTrait.php(87): Illuminate\Foundation\Application->make('Sophia\\Http\\Req...')
#17 C:\xampp\htdocs\Sophia_Desarrollo\trunk\vendor\laravel\framework\src\Illuminate\Routing\RouteDependencyResolverTrait.php(61): Illuminate\Routing\ControllerDispatcher->transformDependency(Object(ReflectionParameter), Array, Array)
#18 C:\xampp\htdocs\Sophia_Desarrollo\trunk\vendor\laravel\framework\src\Illuminate\Routing\RouteDependencyResolverTrait.php(44): Illuminate\Routing\ControllerDispatcher->resolveMethodDependencies(Array, Object(ReflectionMethod))
#19 C:\xampp\htdocs\Sophia_Desarrollo\trunk\vendor\laravel\framework\src\Illuminate\Routing\ControllerDispatcher.php(162): Illuminate\Routing\ControllerDispatcher->resolveClassMethodDependencies(Array, Object(Sophia\Http\Controllers\UsuarioController), 'store')
#20 C:\xampp\htdocs\Sophia_Desarrollo\trunk\vendor\laravel\framework\src\Illuminate\Routing\ControllerDispatcher.php(112): Illuminate\Routing\ControllerDispatcher->call(Object(Sophia\Http\Controllers\UsuarioController), Object(Illuminate\Routing\Route), 'store')
#21 [internal function]: Illuminate\Routing\ControllerDispatcher->Illuminate\Routing\{closure}(Object(Illuminate\Http\Request))
#22 C:\xampp\htdocs\Sophia_Desarrollo\trunk\vendor\laravel\framework\src\Illuminate\Pipeline\Pipeline.php(139): call_user_func(Object(Closure), Object(Illuminate\Http\Request))
#23 [internal function]: Illuminate\Pipeline\Pipeline->Illuminate\Pipeline\{closure}(Object(Illuminate\Http\Request))
#24 C:\xampp\htdocs\Sophia_Desarrollo\trunk\vendor\laravel\framework\src\Illuminate\Pipeline\Pipeline.php(103): call_user_func(Object(Closure), Object(Illuminate\Http\Request))
#25 C:\xampp\htdocs\Sophia_Desarrollo\trunk\vendor\laravel\framework\src\Illuminate\Routing\ControllerDispatcher.php(114): Illuminate\Pipeline\Pipeline->then(Object(Closure))
#26 C:\xampp\htdocs\Sophia_Desarrollo\trunk\vendor\laravel\framework\src\Illuminate\Routing\ControllerDispatcher.php(69): Illuminate\Routing\ControllerDispatcher->callWithinStack(Object(Sophia\Http\Controllers\UsuarioController), Object(Illuminate\Routing\Route), Object(Illuminate\Http\Request), 'store')
#27 C:\xampp\htdocs\Sophia_Desarrollo\trunk\vendor\laravel\framework\src\Illuminate\Routing\Route.php(203): Illuminate\Routing\ControllerDispatcher->dispatch(Object(Illuminate\Routing\Route), Object(Illuminate\Http\Request), 'Sophia\\Http\\Con...', 'store')
#28 C:\xampp\htdocs\Sophia_Desarrollo\trunk\vendor\laravel\framework\src\Illuminate\Routing\Route.php(134): Illuminate\Routing\Route->runWithCustomDispatcher(Object(Illuminate\Http\Request))
#29 C:\xampp\htdocs\Sophia_Desarrollo\trunk\vendor\laravel\framework\src\Illuminate\Routing\Router.php(708): Illuminate\Routing\Route->run(Object(Illuminate\Http\Request))
#30 [internal function]: Illuminate\Routing\Router->Illuminate\Routing\{closure}(Object(Illuminate\Http\Request))
#31 C:\xampp\htdocs\Sophia_Desarrollo\trunk\vendor\laravel\framework\src\Illuminate\Pipeline\Pipeline.php(139): call_user_func(Object(Closure), Object(Illuminate\Http\Request))
#32 [internal function]: Illuminate\Pipeline\Pipeline->Illuminate\Pipeline\{closure}(Object(Illuminate\Http\Request))
#33 C:\xampp\htdocs\Sophia_Desarrollo\trunk\vendor\laravel\framework\src\Illuminate\Pipeline\Pipeline.php(103): call_user_func(Object(Closure), Object(Illuminate\Http\Request))
#34 C:\xampp\htdocs\Sophia_Desarrollo\trunk\vendor\laravel\framework\src\Illuminate\Routing\Router.php(710): Illuminate\Pipeline\Pipeline->then(Object(Closure))
#35 C:\xampp\htdocs\Sophia_Desarrollo\trunk\vendor\laravel\framework\src\Illuminate\Routing\Router.php(675): Illuminate\Routing\Router->runRouteWithinStack(Object(Illuminate\Routing\Route), Object(Illuminate\Http\Request))
#36 C:\xampp\htdocs\Sophia_Desarrollo\trunk\vendor\laravel\framework\src\Illuminate\Routing\Router.php(635): Illuminate\Routing\Router->dispatchToRoute(Object(Illuminate\Http\Request))
#37 C:\xampp\htdocs\Sophia_Desarrollo\trunk\vendor\laravel\framework\src\Illuminate\Foundation\Http\Kernel.php(236): Illuminate\Routing\Router->dispatch(Object(Illuminate\Http\Request))
#38 [internal function]: Illuminate\Foundation\Http\Kernel->Illuminate\Foundation\Http\{closure}(Object(Illuminate\Http\Request))
#39 C:\xampp\htdocs\Sophia_Desarrollo\trunk\vendor\laravel\framework\src\Illuminate\Pipeline\Pipeline.php(139): call_user_func(Object(Closure), Object(Illuminate\Http\Request))
#40 C:\xampp\htdocs\Sophia_Desarrollo\trunk\vendor\laravel\framework\src\Illuminate\Foundation\Http\Middleware\VerifyCsrfToken.php(50): Illuminate\Pipeline\Pipeline->Illuminate\Pipeline\{closure}(Object(Illuminate\Http\Request))
#41 C:\xampp\htdocs\Sophia_Desarrollo\trunk\app\Http\Middleware\VerifyCsrfToken.php(17): Illuminate\Foundation\Http\Middleware\VerifyCsrfToken->handle(Object(Illuminate\Http\Request), Object(Closure))
#42 [internal function]: Sophia\Http\Middleware\VerifyCsrfToken->handle(Object(Illuminate\Http\Request), Object(Closure))
#43 C:\xampp\htdocs\Sophia_Desarrollo\trunk\vendor\laravel\framework\src\Illuminate\Pipeline\Pipeline.php(124): call_user_func_array(Array, Array)
#44 C:\xampp\htdocs\Sophia_Desarrollo\trunk\vendor\laravel\framework\src\Illuminate\View\Middleware\ShareErrorsFromSession.php(49): Illuminate\Pipeline\Pipeline->Illuminate\Pipeline\{closure}(Object(Illuminate\Http\Request))
#45 [internal function]: Illuminate\View\Middleware\ShareErrorsFromSession->handle(Object(Illuminate\Http\Request), Object(Closure))
#46 C:\xampp\htdocs\Sophia_Desarrollo\trunk\vendor\laravel\framework\src\Illuminate\Pipeline\Pipeline.php(124): call_user_func_array(Array, Array)
#47 C:\xampp\htdocs\Sophia_Desarrollo\trunk\vendor\laravel\framework\src\Illuminate\Session\Middleware\StartSession.php(62): Illuminate\Pipeline\Pipeline->Illuminate\Pipeline\{closure}(Object(Illuminate\Http\Request))
#48 [internal function]: Illuminate\Session\Middleware\StartSession->handle(Object(Illuminate\Http\Request), Object(Closure))
#49 C:\xampp\htdocs\Sophia_Desarrollo\trunk\vendor\laravel\framework\src\Illuminate\Pipeline\Pipeline.php(124): call_user_func_array(Array, Array)
#50 C:\xampp\htdocs\Sophia_Desarrollo\trunk\vendor\laravel\framework\src\Illuminate\Cookie\Middleware\AddQueuedCookiesToResponse.php(37): Illuminate\Pipeline\Pipeline->Illuminate\Pipeline\{closure}(Object(Illuminate\Http\Request))
#51 [internal function]: Illuminate\Cookie\Middleware\AddQueuedCookiesToResponse->handle(Object(Illuminate\Http\Request), Object(Closure))
#52 C:\xampp\htdocs\Sophia_Desarrollo\trunk\vendor\laravel\framework\src\Illuminate\Pipeline\Pipeline.php(124): call_user_func_array(Array, Array)
#53 C:\xampp\htdocs\Sophia_Desarrollo\trunk\vendor\laravel\framework\src\Illuminate\Cookie\Middleware\EncryptCookies.php(59): Illuminate\Pipeline\Pipeline->Illuminate\Pipeline\{closure}(Object(Illuminate\Http\Request))
#54 [internal function]: Illuminate\Cookie\Middleware\EncryptCookies->handle(Object(Illuminate\Http\Request), Object(Closure))
#55 C:\xampp\htdocs\Sophia_Desarrollo\trunk\vendor\laravel\framework\src\Illuminate\Pipeline\Pipeline.php(124): call_user_func_array(Array, Array)
#56 C:\xampp\htdocs\Sophia_Desarrollo\trunk\vendor\laravel\framework\src\Illuminate\Foundation\Http\Middleware\CheckForMaintenanceMode.php(44): Illuminate\Pipeline\Pipeline->Illuminate\Pipeline\{closure}(Object(Illuminate\Http\Request))
#57 [internal function]: Illuminate\Foundation\Http\Middleware\CheckForMaintenanceMode->handle(Object(Illuminate\Http\Request), Object(Closure))
#58 C:\xampp\htdocs\Sophia_Desarrollo\trunk\vendor\laravel\framework\src\Illuminate\Pipeline\Pipeline.php(124): call_user_func_array(Array, Array)
#59 [internal function]: Illuminate\Pipeline\Pipeline->Illuminate\Pipeline\{closure}(Object(Illuminate\Http\Request))
#60 C:\xampp\htdocs\Sophia_Desarrollo\trunk\vendor\laravel\framework\src\Illuminate\Pipeline\Pipeline.php(103): call_user_func(Object(Closure), Object(Illuminate\Http\Request))
#61 C:\xampp\htdocs\Sophia_Desarrollo\trunk\vendor\laravel\framework\src\Illuminate\Foundation\Http\Kernel.php(122): Illuminate\Pipeline\Pipeline->then(Object(Closure))
#62 C:\xampp\htdocs\Sophia_Desarrollo\trunk\vendor\laravel\framework\src\Illuminate\Foundation\Http\Kernel.php(87): Illuminate\Foundation\Http\Kernel->sendRequestThroughRouter(Object(Illuminate\Http\Request))
#63 C:\xampp\htdocs\Sophia_Desarrollo\trunk\public\index.php(53): Illuminate\Foundation\Http\Kernel->handle(Object(Illuminate\Http\Request))
#64 C:\xampp\htdocs\Sophia_Desarrollo\trunk\server.php(21): require_once('C:\\xampp\\htdocs...')
#65 {main}  
