[2016-08-29 04:03:46] local.ERROR: ReflectionException: Class ModulosTableSeeder does not exist in C:\xampp\htdocs\sophia_desarrollo\trunk\vendor\laravel\framework\src\Illuminate\Container\Container.php:779
Stack trace:
#0 C:\xampp\htdocs\sophia_desarrollo\trunk\vendor\laravel\framework\src\Illuminate\Container\Container.php(779): ReflectionClass->__construct('ModulosTableSee...')
#1 C:\xampp\htdocs\sophia_desarrollo\trunk\vendor\laravel\framework\src\Illuminate\Container\Container.php(659): Illuminate\Container\Container->build('ModulosTableSee...', Array)
#2 C:\xampp\htdocs\sophia_desarrollo\trunk\vendor\laravel\framework\src\Illuminate\Foundation\Application.php(644): Illuminate\Container\Container->make('ModulosTableSee...', Array)
#3 C:\xampp\htdocs\sophia_desarrollo\trunk\vendor\laravel\framework\src\Illuminate\Database\Seeder.php(58): Illuminate\Foundation\Application->make('ModulosTableSee...')
#4 C:\xampp\htdocs\sophia_desarrollo\trunk\vendor\laravel\framework\src\Illuminate\Database\Seeder.php(40): Illuminate\Database\Seeder->resolve('ModulosTableSee...')
#5 C:\xampp\htdocs\sophia_desarrollo\trunk\database\seeds\DatabaseSeeder.php(30): Illuminate\Database\Seeder->call('ModulosTableSee...')
#6 C:\xampp\htdocs\sophia_desarrollo\trunk\vendor\laravel\framework\src\Illuminate\Database\Console\SeedCommand.php(57): DatabaseSeeder->run()
#7 [internal function]: Illuminate\Database\Console\SeedCommand->fire()
#8 C:\xampp\htdocs\sophia_desarrollo\trunk\vendor\laravel\framework\src\Illuminate\Container\Container.php(526): call_user_func_array(Array, Array)
#9 C:\xampp\htdocs\sophia_desarrollo\trunk\vendor\laravel\framework\src\Illuminate\Console\Command.php(115): Illuminate\Container\Container->call(Array)
#10 C:\xampp\htdocs\sophia_desarrollo\trunk\vendor\symfony\console\Symfony\Component\Console\Command\Command.php(257): Illuminate\Console\Command->execute(Object(Symfony\Component\Console\Input\ArrayInput), Object(Symfony\Component\Console\Output\ConsoleOutput))
#11 C:\xampp\htdocs\sophia_desarrollo\trunk\vendor\laravel\framework\src\Illuminate\Console\Command.php(101): Symfony\Component\Console\Command\Command->run(Object(Symfony\Component\Console\Input\ArrayInput), Object(Symfony\Component\Console\Output\ConsoleOutput))
#12 C:\xampp\htdocs\sophia_desarrollo\trunk\vendor\laravel\framework\src\Illuminate\Console\Command.php(131): Illuminate\Console\Command->run(Object(Symfony\Component\Console\Input\ArrayInput), Object(Symfony\Component\Console\Output\ConsoleOutput))
#13 C:\xampp\htdocs\sophia_desarrollo\trunk\vendor\laravel\framework\src\Illuminate\Database\Console\Migrations\RefreshCommand.php(78): Illuminate\Console\Command->call('db:seed', Array)
#14 C:\xampp\htdocs\sophia_desarrollo\trunk\vendor\laravel\framework\src\Illuminate\Database\Console\Migrations\RefreshCommand.php(51): Illuminate\Database\Console\Migrations\RefreshCommand->runSeeder('mysql_seguridad')
#15 [internal function]: Illuminate\Database\Console\Migrations\RefreshCommand->fire()
#16 C:\xampp\htdocs\sophia_desarrollo\trunk\vendor\laravel\framework\src\Illuminate\Container\Container.php(526): call_user_func_array(Array, Array)
#17 C:\xampp\htdocs\sophia_desarrollo\trunk\vendor\laravel\framework\src\Illuminate\Console\Command.php(115): Illuminate\Container\Container->call(Array)
#18 C:\xampp\htdocs\sophia_desarrollo\trunk\vendor\symfony\console\Symfony\Component\Console\Command\Command.php(257): Illuminate\Console\Command->execute(Object(Symfony\Component\Console\Input\ArgvInput), Object(Symfony\Component\Console\Output\ConsoleOutput))
#19 C:\xampp\htdocs\sophia_desarrollo\trunk\vendor\laravel\framework\src\Illuminate\Console\Command.php(101): Symfony\Component\Console\Command\Command->run(Object(Symfony\Component\Console\Input\ArgvInput), Object(Symfony\Component\Console\Output\ConsoleOutput))
#20 C:\xampp\htdocs\sophia_desarrollo\trunk\vendor\symfony\console\Symfony\Component\Console\Application.php(874): Illuminate\Console\Command->run(Object(Symfony\Component\Console\Input\ArgvInput), Object(Symfony\Component\Console\Output\ConsoleOutput))
#21 C:\xampp\htdocs\sophia_desarrollo\trunk\vendor\symfony\console\Symfony\Component\Console\Application.php(195): Symfony\Component\Console\Application->doRunCommand(Object(Illuminate\Database\Console\Migrations\RefreshCommand), Object(Symfony\Component\Console\Input\ArgvInput), Object(Symfony\Component\Console\Output\ConsoleOutput))
#22 C:\xampp\htdocs\sophia_desarrollo\trunk\vendor\symfony\console\Symfony\Component\Console\Application.php(126): Symfony\Component\Console\Application->doRun(Object(Symfony\Component\Console\Input\ArgvInput), Object(Symfony\Component\Console\Output\ConsoleOutput))
#23 C:\xampp\htdocs\sophia_desarrollo\trunk\vendor\laravel\framework\src\Illuminate\Foundation\Console\Kernel.php(94): Symfony\Component\Console\Application->run(Object(Symfony\Component\Console\Input\ArgvInput), Object(Symfony\Component\Console\Output\ConsoleOutput))
#24 C:\xampp\htdocs\sophia_desarrollo\trunk\artisan(35): Illuminate\Foundation\Console\Kernel->handle(Object(Symfony\Component\Console\Input\ArgvInput), Object(Symfony\Component\Console\Output\ConsoleOutput))
#25 {main}  
